<?xml version="1.0" encoding="UTF-8"?>
<!-- Generated by org.testng.reporters.JUnitReportReporter -->
<testsuite skipped="0" hostname="DESKTOP-1MHC21O" name="Runner.Run" tests="2" failures="0" timestamp="2022-05-21T23:49:46 IST" time="45.434" errors="0">
  <testcase name="runScenario" time="23.992" classname="Runner.Run"/>
  <system-out/>
  <testcase name="runScenario" time="21.442" classname="Runner.Run"/>
  <system-out/>
</testsuite> <!-- Runner.Run -->
